*******************************************************************
* Genome-wide Complex Trait Analysis (GCTA)
* version v1.94.1 Linux
* Built at Nov 15 2022 21:14:25, by GCC 8.5
* (C) 2010-present, Yang Lab, Westlake University
* Please report bugs to Jian Yang <jian.yang@westlake.edu.cn>
*******************************************************************
Analysis started at 13:18:05 EDT on Tue May 27 2025.
Hostname: c658

Accepted options:
--grm TO_SIMS_5_2_0.2_0.05_gamma_cb.strain.set.290_literal.harborporpoise_gcta_grm_inbred
--pheno 5_2_0.2_0.05_gamma_cb.strain.set.290_literal.harborporpoise_sims.phen
--reml
--out check_vp
--thread-num 4

Note: the program will be running on 4 threads.

Reading IDs of the GRM from [TO_SIMS_5_2_0.2_0.05_gamma_cb.strain.set.290_literal.harborporpoise_gcta_grm_inbred.grm.id].
290 IDs are read from [TO_SIMS_5_2_0.2_0.05_gamma_cb.strain.set.290_literal.harborporpoise_gcta_grm_inbred.grm.id].
Reading the GRM from [TO_SIMS_5_2_0.2_0.05_gamma_cb.strain.set.290_literal.harborporpoise_gcta_grm_inbred.grm.bin].
GRM for 290 individuals are included from [TO_SIMS_5_2_0.2_0.05_gamma_cb.strain.set.290_literal.harborporpoise_gcta_grm_inbred.grm.bin].
Reading phenotypes from [5_2_0.2_0.05_gamma_cb.strain.set.290_literal.harborporpoise_sims.phen].
Non-missing phenotypes of 290 individuals are included from [5_2_0.2_0.05_gamma_cb.strain.set.290_literal.harborporpoise_sims.phen].

290 individuals are in common in these files.

Performing  REML analysis ... (Note: may take hours depending on sample size).
290 observations, 1 fixed effect(s), and 2 variance component(s)(including residual variance).
Calculating prior values of variance components by EM-REML ...
Updated prior values: 47.1866 57.8539
logL: -809.435
Running AI-REML algorithm ...
Iter.	logL	V(G)	V(e)	
1	-804.17	30.43233	66.09652	
2	-800.82	19.90821	72.40480	
3	-798.98	14.13334	76.61933	
4	-798.14	11.29934	79.15443	
5	-797.82	6.85404	83.93553	
6	-797.67	8.24387	83.14180	
7	-797.64	8.10992	83.28107	
8	-797.64	8.13953	83.25927	
9	-797.64	8.13340	83.26386	
Log-likelihood ratio converged.

Calculating the logLikelihood for the reduced model ...
(variance component 1 is dropped from the model)
Calculating prior values of variance components by EM-REML ...
Updated prior values: 93.24185
logL: -802.67085
Running AI-REML algorithm ...
Iter.	logL	V(e)	
1	-802.67	93.24185	
Log-likelihood ratio converged.

Summary result of REML analysis:
Source	Variance	SE
V(G)	8.133404	6.041951
V(e)	83.263862	8.250448
Vp	91.397266	7.754005
V(G)/Vp	0.088990	0.064209

Sampling variance/covariance of the estimates of variance components:
3.650517e+01	-2.222524e+01	
-2.222524e+01	6.806990e+01	

Summary result of REML analysis has been saved in the file [check_vp.hsq].

Analysis finished at 13:18:05 EDT on Tue May 27 2025
Overall computational time: 0.04 sec.
