*******************************************************************
* Genome-wide Complex Trait Analysis (GCTA)
* version v1.94.1 Linux
* Built at Nov 15 2022 21:14:25, by GCC 8.5
* (C) 2010-present, Yang Lab, Westlake University
* Please report bugs to Jian Yang <jian.yang@westlake.edu.cn>
*******************************************************************
Analysis started at 14:48:41 EDT on Tue Apr 07 2026.
Hostname: c547

Accepted options:
--grm TO_SIMS_1_25_0.2_0.05_gamma_ce.full_gcta_grm_inbred
--pheno 1_25_0.2_0.05_gamma_ce.full_sims.phen
--reml
--out check_vp
--thread-num 1

Note: This is a multi-thread program. You could specify the number of threads by the --thread-num option to speed up the computation if there are multiple processors in your machine.

Reading IDs of the GRM from [TO_SIMS_1_25_0.2_0.05_gamma_ce.full_gcta_grm_inbred.grm.id].
550 IDs are read from [TO_SIMS_1_25_0.2_0.05_gamma_ce.full_gcta_grm_inbred.grm.id].
Reading the GRM from [TO_SIMS_1_25_0.2_0.05_gamma_ce.full_gcta_grm_inbred.grm.bin].
GRM for 550 individuals are included from [TO_SIMS_1_25_0.2_0.05_gamma_ce.full_gcta_grm_inbred.grm.bin].
Reading phenotypes from [1_25_0.2_0.05_gamma_ce.full_sims.phen].
Non-missing phenotypes of 550 individuals are included from [1_25_0.2_0.05_gamma_ce.full_sims.phen].

550 individuals are in common in these files.

Performing  REML analysis ... (Note: may take hours depending on sample size).
550 observations, 1 fixed effect(s), and 2 variance component(s)(including residual variance).
Calculating prior values of variance components by EM-REML ...
Updated prior values: 4.07107e-17 5.08269e-17
logL: 9917.56
Running AI-REML algorithm ...
Iter.	logL	V(G)	V(e)	
1	9925.36	0.00000	0.00000	
2	9931.59	0.00000	0.00000	
3	9933.58	0.00000	0.00000	
4	9934.25	0.00000	0.00000	
5	9934.49	0.00000	0.00000	
6	9934.62	0.00000	0.00000	
7	9934.63	0.00000	0.00000	
8	9934.63	0.00000	0.00000	
9	9934.63	0.00000	0.00000	
Log-likelihood ratio converged.

Calculating the logLikelihood for the reduced model ...
(variance component 1 is dropped from the model)
Calculating prior values of variance components by EM-REML ...
Updated prior values: 0.00000
logL: 9884.27487
Running AI-REML algorithm ...
Iter.	logL	V(e)	
1	9884.27	0.00000	
Log-likelihood ratio converged.

Summary result of REML analysis:
Source	Variance	SE
V(G)	0.000000	0.000000
V(e)	0.000000	0.000000
Vp	0.000000	0.000000
V(G)/Vp	0.149095	0.056360

Sampling variance/covariance of the estimates of variance components:
2.041946e-35	-7.951992e-36	
-7.951992e-36	1.979440e-35	

Summary result of REML analysis has been saved in the file [check_vp.hsq].

Analysis finished at 14:48:41 EDT on Tue Apr 07 2026
Overall computational time: 0.14 sec.
