May-27 12:38:50.424 [Task submitter] DEBUG nextflow.executor.GridTaskHandler - [SLURM] submitted process BCFTOOLS_EXTRACT_STRAINS (cb.strain.set.290_literal.harborporpoise) > jobId: 3125056; workDir: /scratch4/eande106/Ryan/2025_briggsae_gwas_strainset_sims/fe/0a9fed687a03057b7b18b4d7b22b50
May-27 12:38:50.425 [Task submitter] INFO  nextflow.Session - [fe/0a9fed] Submitted process > BCFTOOLS_EXTRACT_STRAINS (cb.strain.set.290_literal.harborporpoise)
~> TaskHandler[jobId: 3125056; id: 7; name: BCFTOOLS_EXTRACT_STRAINS (cb.strain.set.290_literal.harborporpoise); status: RUNNING; exit: -; error: -; workDir: /scratch4/eande106/Ryan/2025_briggsae_gwas_strainset_sims/fe/0a9fed687a03057b7b18b4d7b22b50 started: 1748363934724; exited: -; ]
~> TaskHandler[jobId: 3125056; id: 7; name: BCFTOOLS_EXTRACT_STRAINS (cb.strain.set.290_literal.harborporpoise); status: RUNNING; exit: -; error: -; workDir: /scratch4/eande106/Ryan/2025_briggsae_gwas_strainset_sims/fe/0a9fed687a03057b7b18b4d7b22b50 started: 1748363934724; exited: -; ]
~> TaskHandler[jobId: 3125056; id: 7; name: BCFTOOLS_EXTRACT_STRAINS (cb.strain.set.290_literal.harborporpoise); status: RUNNING; exit: -; error: -; workDir: /scratch4/eande106/Ryan/2025_briggsae_gwas_strainset_sims/fe/0a9fed687a03057b7b18b4d7b22b50 started: 1748363934724; exited: -; ]
May-27 12:56:44.704 [Task monitor] DEBUG n.processor.TaskPollingMonitor - Task completed > TaskHandler[jobId: 3125056; id: 7; name: BCFTOOLS_EXTRACT_STRAINS (cb.strain.set.290_literal.harborporpoise); status: COMPLETED; exit: 0; error: -; workDir: /scratch4/eande106/Ryan/2025_briggsae_gwas_strainset_sims/fe/0a9fed687a03057b7b18b4d7b22b50 started: 1748363934724; exited: 2025-05-27T16:56:41.627971426Z; ]
May-27 12:56:44.929 [Task submitter] DEBUG nextflow.executor.GridTaskHandler - [SLURM] submitted process BCFTOOLS_RENAME_CHROMS (cb.strain.set.290_literal.harborporpoise) > jobId: 3126073; workDir: /scratch4/eande106/Ryan/2025_briggsae_gwas_strainset_sims/cb/71308763e52b4ce09015c5a13c3de6
May-27 12:56:44.930 [Task submitter] INFO  nextflow.Session - [cb/713087] Submitted process > BCFTOOLS_RENAME_CHROMS (cb.strain.set.290_literal.harborporpoise)
~> TaskHandler[jobId: 3126073; id: 14; name: BCFTOOLS_RENAME_CHROMS (cb.strain.set.290_literal.harborporpoise); status: RUNNING; exit: -; error: -; workDir: /scratch4/eande106/Ryan/2025_briggsae_gwas_strainset_sims/cb/71308763e52b4ce09015c5a13c3de6 started: 1748365009694; exited: -; ]
~> TaskHandler[jobId: 3126073; id: 14; name: BCFTOOLS_RENAME_CHROMS (cb.strain.set.290_literal.harborporpoise); status: RUNNING; exit: -; error: -; workDir: /scratch4/eande106/Ryan/2025_briggsae_gwas_strainset_sims/cb/71308763e52b4ce09015c5a13c3de6 started: 1748365009694; exited: -; ]
~> TaskHandler[jobId: 3126073; id: 14; name: BCFTOOLS_RENAME_CHROMS (cb.strain.set.290_literal.harborporpoise); status: RUNNING; exit: -; error: -; workDir: /scratch4/eande106/Ryan/2025_briggsae_gwas_strainset_sims/cb/71308763e52b4ce09015c5a13c3de6 started: 1748365009694; exited: -; ]
May-27 13:12:54.750 [Task monitor] DEBUG n.processor.TaskPollingMonitor - Task completed > TaskHandler[jobId: 3126073; id: 14; name: BCFTOOLS_RENAME_CHROMS (cb.strain.set.290_literal.harborporpoise); status: COMPLETED; exit: 0; error: -; workDir: /scratch4/eande106/Ryan/2025_briggsae_gwas_strainset_sims/cb/71308763e52b4ce09015c5a13c3de6 started: 1748365009694; exited: 2025-05-27T17:12:52.71976622Z; ]
May-27 13:12:55.130 [Task submitter] DEBUG nextflow.executor.GridTaskHandler - [SLURM] submitted process PLINK_RECODE_VCF (cb.strain.set.290_literal.harborporpoise_0.05) > jobId: 3127106; workDir: /scratch4/eande106/Ryan/2025_briggsae_gwas_strainset_sims/d8/473ddd25f69eea4f4a3d134f3b4856
May-27 13:12:55.130 [Task submitter] INFO  nextflow.Session - [d8/473ddd] Submitted process > PLINK_RECODE_VCF (cb.strain.set.290_literal.harborporpoise_0.05)
~> TaskHandler[jobId: 3127106; id: 25; name: PLINK_RECODE_VCF (cb.strain.set.290_literal.harborporpoise_0.05); status: RUNNING; exit: -; error: -; workDir: /scratch4/eande106/Ryan/2025_briggsae_gwas_strainset_sims/d8/473ddd25f69eea4f4a3d134f3b4856 started: 1748365979750; exited: -; ]
May-27 13:15:29.740 [Task monitor] DEBUG n.processor.TaskPollingMonitor - Task completed > TaskHandler[jobId: 3127106; id: 25; name: PLINK_RECODE_VCF (cb.strain.set.290_literal.harborporpoise_0.05); status: COMPLETED; exit: 0; error: -; workDir: /scratch4/eande106/Ryan/2025_briggsae_gwas_strainset_sims/d8/473ddd25f69eea4f4a3d134f3b4856 started: 1748365979750; exited: 2025-05-27T17:15:25.316564337Z; ]
May-27 13:15:29.842 [Task submitter] DEBUG nextflow.executor.GridTaskHandler - [SLURM] submitted process BCFTOOLS_CREATE_GENOTYPE_MATRIX (cb.strain.set.290_literal.harborporpoise_0.05) > jobId: 3127173; workDir: /scratch4/eande106/Ryan/2025_briggsae_gwas_strainset_sims/cd/801e350a6602d946411f70c1f2676c
May-27 13:15:29.842 [Task submitter] INFO  nextflow.Session - [cd/801e35] Submitted process > BCFTOOLS_CREATE_GENOTYPE_MATRIX (cb.strain.set.290_literal.harborporpoise_0.05)
May-27 13:16:59.740 [Task monitor] DEBUG n.processor.TaskPollingMonitor - Task completed > TaskHandler[jobId: 3127173; id: 34; name: BCFTOOLS_CREATE_GENOTYPE_MATRIX (cb.strain.set.290_literal.harborporpoise_0.05); status: COMPLETED; exit: 0; error: -; workDir: /scratch4/eande106/Ryan/2025_briggsae_gwas_strainset_sims/cd/801e350a6602d946411f70c1f2676c started: 1748366134777; exited: 2025-05-27T17:16:58.169503931Z; ]
May-27 13:17:00.022 [Task submitter] DEBUG nextflow.executor.GridTaskHandler - [SLURM] submitted process R_FIND_GENOTYPE_MATRIX_EIGEN (2 cb.strain.set.290_literal.harborporpoise_0.05) > jobId: 3127312; workDir: /scratch4/eande106/Ryan/2025_briggsae_gwas_strainset_sims/89/f9d4513fc2fdcafd4b82a305782b61
May-27 13:17:00.022 [Task submitter] INFO  nextflow.Session - [89/f9d451] Submitted process > R_FIND_GENOTYPE_MATRIX_EIGEN (2 cb.strain.set.290_literal.harborporpoise_0.05)
May-27 13:17:00.134 [Task submitter] DEBUG nextflow.executor.GridTaskHandler - [SLURM] submitted process R_FIND_GENOTYPE_MATRIX_EIGEN (1 cb.strain.set.290_literal.harborporpoise_0.05) > jobId: 3127313; workDir: /scratch4/eande106/Ryan/2025_briggsae_gwas_strainset_sims/fd/a939f65a9be55c2cb977b88adc651c
May-27 13:17:00.134 [Task submitter] INFO  nextflow.Session - [fd/a939f6] Submitted process > R_FIND_GENOTYPE_MATRIX_EIGEN (1 cb.strain.set.290_literal.harborporpoise_0.05)
May-27 13:17:00.224 [Task submitter] DEBUG nextflow.executor.GridTaskHandler - [SLURM] submitted process R_FIND_GENOTYPE_MATRIX_EIGEN (3 cb.strain.set.290_literal.harborporpoise_0.05) > jobId: 3127314; workDir: /scratch4/eande106/Ryan/2025_briggsae_gwas_strainset_sims/cb/864f36f6efd965050b054583b18570
May-27 13:17:00.224 [Task submitter] INFO  nextflow.Session - [cb/864f36] Submitted process > R_FIND_GENOTYPE_MATRIX_EIGEN (3 cb.strain.set.290_literal.harborporpoise_0.05)
May-27 13:17:00.324 [Task submitter] DEBUG nextflow.executor.GridTaskHandler - [SLURM] submitted process R_FIND_GENOTYPE_MATRIX_EIGEN (5 cb.strain.set.290_literal.harborporpoise_0.05) > jobId: 3127315; workDir: /scratch4/eande106/Ryan/2025_briggsae_gwas_strainset_sims/51/bc7f274598a14893876b43fabde434
May-27 13:17:00.325 [Task submitter] INFO  nextflow.Session - [51/bc7f27] Submitted process > R_FIND_GENOTYPE_MATRIX_EIGEN (5 cb.strain.set.290_literal.harborporpoise_0.05)
May-27 13:17:00.419 [Task submitter] DEBUG nextflow.executor.GridTaskHandler - [SLURM] submitted process R_FIND_GENOTYPE_MATRIX_EIGEN (4 cb.strain.set.290_literal.harborporpoise_0.05) > jobId: 3127316; workDir: /scratch4/eande106/Ryan/2025_briggsae_gwas_strainset_sims/26/66a8e62984d2039cecfcfb63dd204f
May-27 13:17:00.419 [Task submitter] INFO  nextflow.Session - [26/66a8e6] Submitted process > R_FIND_GENOTYPE_MATRIX_EIGEN (4 cb.strain.set.290_literal.harborporpoise_0.05)
May-27 13:17:00.441 [Task submitter] DEBUG nextflow.executor.GridTaskHandler - [SLURM] submitted process R_FIND_GENOTYPE_MATRIX_EIGEN (6 cb.strain.set.290_literal.harborporpoise_0.05) > jobId: 3127317; workDir: /scratch4/eande106/Ryan/2025_briggsae_gwas_strainset_sims/15/1c7f816e0118035ad13f6a7f3e82fa
May-27 13:17:00.514 [Task submitter] INFO  nextflow.Session - [15/1c7f81] Submitted process > R_FIND_GENOTYPE_MATRIX_EIGEN (6 cb.strain.set.290_literal.harborporpoise_0.05)
May-27 13:17:04.923 [Task monitor] DEBUG n.processor.TaskPollingMonitor - Task completed > TaskHandler[jobId: 3127313; id: 54; name: R_FIND_GENOTYPE_MATRIX_EIGEN (1 cb.strain.set.290_literal.harborporpoise_0.05); status: COMPLETED; exit: 0; error: -; workDir: /scratch4/eande106/Ryan/2025_briggsae_gwas_strainset_sims/fd/a939f65a9be55c2cb977b88adc651c started: 1748366224921; exited: 2025-05-27T17:17:04.631384804Z; ]
May-27 13:17:09.815 [Task monitor] DEBUG n.processor.TaskPollingMonitor - Task completed > TaskHandler[jobId: 3127312; id: 55; name: R_FIND_GENOTYPE_MATRIX_EIGEN (2 cb.strain.set.290_literal.harborporpoise_0.05); status: COMPLETED; exit: 0; error: -; workDir: /scratch4/eande106/Ryan/2025_briggsae_gwas_strainset_sims/89/f9d4513fc2fdcafd4b82a305782b61 started: 1748366224915; exited: 2025-05-27T17:17:06.293954553Z; ]
May-27 13:17:09.914 [Task monitor] DEBUG n.processor.TaskPollingMonitor - Task completed > TaskHandler[jobId: 3127314; id: 56; name: R_FIND_GENOTYPE_MATRIX_EIGEN (3 cb.strain.set.290_literal.harborporpoise_0.05); status: COMPLETED; exit: 0; error: -; workDir: /scratch4/eande106/Ryan/2025_briggsae_gwas_strainset_sims/cb/864f36f6efd965050b054583b18570 started: 1748366224925; exited: 2025-05-27T17:17:05.335550437Z; ]
May-27 13:17:09.919 [Task monitor] DEBUG n.processor.TaskPollingMonitor - Task completed > TaskHandler[jobId: 3127315; id: 58; name: R_FIND_GENOTYPE_MATRIX_EIGEN (5 cb.strain.set.290_literal.harborporpoise_0.05); status: COMPLETED; exit: 0; error: -; workDir: /scratch4/eande106/Ryan/2025_briggsae_gwas_strainset_sims/51/bc7f274598a14893876b43fabde434 started: 1748366225015; exited: 2025-05-27T17:17:08.145705404Z; ]
May-27 13:17:09.921 [Task monitor] DEBUG n.processor.TaskPollingMonitor - Task completed > TaskHandler[jobId: 3127316; id: 57; name: R_FIND_GENOTYPE_MATRIX_EIGEN (4 cb.strain.set.290_literal.harborporpoise_0.05); status: COMPLETED; exit: 0; error: -; workDir: /scratch4/eande106/Ryan/2025_briggsae_gwas_strainset_sims/26/66a8e62984d2039cecfcfb63dd204f started: 1748366225023; exited: 2025-05-27T17:17:08.98688918Z; ]
May-27 13:17:09.925 [Task monitor] DEBUG n.processor.TaskPollingMonitor - Task completed > TaskHandler[jobId: 3127317; id: 59; name: R_FIND_GENOTYPE_MATRIX_EIGEN (6 cb.strain.set.290_literal.harborporpoise_0.05); status: COMPLETED; exit: 0; error: -; workDir: /scratch4/eande106/Ryan/2025_briggsae_gwas_strainset_sims/15/1c7f816e0118035ad13f6a7f3e82fa started: 1748366225026; exited: 2025-05-27T17:17:08.376820457Z; ]
May-27 13:17:33.321 [Task submitter] INFO  nextflow.Session - [cb/885082] Submitted process > LOCAL_COMPILE_EIGENS (cb.strain.set.290_literal.harborporpoise 0.05)
May-27 13:17:34.037 [Task monitor] DEBUG n.processor.TaskPollingMonitor - Task completed > TaskHandler[id: 104; name: LOCAL_COMPILE_EIGENS (cb.strain.set.290_literal.harborporpoise 0.05); status: COMPLETED; exit: 0; error: -; workDir: /scratch4/eande106/Ryan/2025_briggsae_gwas_strainset_sims/cb/88508211fcd68e8e7fc173a2d1f9c0]
May-27 13:17:34.136 [Task submitter] DEBUG nextflow.executor.GridTaskHandler - [SLURM] submitted process PYTHON_SIMULATE_EFFECTS_GLOBAL (5 2 gammacb.strain.set.290_literal.harborporpoise_0.05) > jobId: 3127370; workDir: /scratch4/eande106/Ryan/2025_briggsae_gwas_strainset_sims/de/c52cf5c018104428c660cd730f59b1
May-27 13:17:34.137 [Task submitter] INFO  nextflow.Session - [de/c52cf5] Submitted process > PYTHON_SIMULATE_EFFECTS_GLOBAL (5 2 gammacb.strain.set.290_literal.harborporpoise_0.05)
May-27 13:17:34.325 [Task submitter] DEBUG nextflow.executor.GridTaskHandler - [SLURM] submitted process PYTHON_SIMULATE_EFFECTS_GLOBAL (5 1 gammacb.strain.set.290_literal.harborporpoise_0.05) > jobId: 3127371; workDir: /scratch4/eande106/Ryan/2025_briggsae_gwas_strainset_sims/8a/b3f639029bf5953c61fea7e5d3856b
May-27 13:17:34.325 [Task submitter] INFO  nextflow.Session - [8a/b3f639] Submitted process > PYTHON_SIMULATE_EFFECTS_GLOBAL (5 1 gammacb.strain.set.290_literal.harborporpoise_0.05)
May-27 13:17:40.017 [Task monitor] DEBUG n.processor.TaskPollingMonitor - Task completed > TaskHandler[jobId: 3127370; id: 119; name: PYTHON_SIMULATE_EFFECTS_GLOBAL (5 2 gammacb.strain.set.290_literal.harborporpoise_0.05); status: COMPLETED; exit: 0; error: -; workDir: /scratch4/eande106/Ryan/2025_briggsae_gwas_strainset_sims/de/c52cf5c018104428c660cd730f59b1 started: 1748366260015; exited: 2025-05-27T17:17:36.331313092Z; ]
May-27 13:17:40.118 [Task monitor] DEBUG n.processor.TaskPollingMonitor - Task completed > TaskHandler[jobId: 3127371; id: 118; name: PYTHON_SIMULATE_EFFECTS_GLOBAL (5 1 gammacb.strain.set.290_literal.harborporpoise_0.05); status: COMPLETED; exit: 0; error: -; workDir: /scratch4/eande106/Ryan/2025_briggsae_gwas_strainset_sims/8a/b3f639029bf5953c61fea7e5d3856b started: 1748366260115; exited: 2025-05-27T17:17:36.400970502Z; ]
May-27 13:17:44.034 [Task submitter] DEBUG nextflow.executor.GridTaskHandler - [SLURM] submitted process GCTA_SIMULATE_PHENOTYPES (5 2 0.5 gamma cb.strain.set.290_literal.harborporpoise_0.05) > jobId: 3127405; workDir: /scratch4/eande106/Ryan/2025_briggsae_gwas_strainset_sims/75/4b70fb383ffab6c6b40440c75eb47e
May-27 13:17:44.035 [Task submitter] INFO  nextflow.Session - [75/4b70fb] Submitted process > GCTA_SIMULATE_PHENOTYPES (5 2 0.5 gamma cb.strain.set.290_literal.harborporpoise_0.05)
May-27 13:17:44.122 [Task submitter] DEBUG nextflow.executor.GridTaskHandler - [SLURM] submitted process GCTA_SIMULATE_PHENOTYPES (5 2 0.2 gamma cb.strain.set.290_literal.harborporpoise_0.05) > jobId: 3127406; workDir: /scratch4/eande106/Ryan/2025_briggsae_gwas_strainset_sims/5e/1ea80dee95efceea22e1596577d9bf
May-27 13:17:44.123 [Task submitter] INFO  nextflow.Session - [5e/1ea80d] Submitted process > GCTA_SIMULATE_PHENOTYPES (5 2 0.2 gamma cb.strain.set.290_literal.harborporpoise_0.05)
May-27 13:17:44.146 [Task submitter] DEBUG nextflow.executor.GridTaskHandler - [SLURM] submitted process GCTA_SIMULATE_PHENOTYPES (5 2 0.8 gamma cb.strain.set.290_literal.harborporpoise_0.05) > jobId: 3127407; workDir: /scratch4/eande106/Ryan/2025_briggsae_gwas_strainset_sims/e1/acb14f7f0f5bef5342457b0ccdd463
May-27 13:17:44.146 [Task submitter] INFO  nextflow.Session - [e1/acb14f] Submitted process > GCTA_SIMULATE_PHENOTYPES (5 2 0.8 gamma cb.strain.set.290_literal.harborporpoise_0.05)
May-27 13:17:44.235 [Task submitter] DEBUG nextflow.executor.GridTaskHandler - [SLURM] submitted process GCTA_SIMULATE_PHENOTYPES (5 1 0.2 gamma cb.strain.set.290_literal.harborporpoise_0.05) > jobId: 3127408; workDir: /scratch4/eande106/Ryan/2025_briggsae_gwas_strainset_sims/e7/6c638c205907209d0d614aad92c8cc
May-27 13:17:44.235 [Task submitter] INFO  nextflow.Session - [e7/6c638c] Submitted process > GCTA_SIMULATE_PHENOTYPES (5 1 0.2 gamma cb.strain.set.290_literal.harborporpoise_0.05)
May-27 13:17:44.339 [Task submitter] DEBUG nextflow.executor.GridTaskHandler - [SLURM] submitted process GCTA_SIMULATE_PHENOTYPES (5 1 0.5 gamma cb.strain.set.290_literal.harborporpoise_0.05) > jobId: 3127409; workDir: /scratch4/eande106/Ryan/2025_briggsae_gwas_strainset_sims/0b/e3a453a2ed4dabf7771ad36802b28f
May-27 13:17:44.339 [Task submitter] INFO  nextflow.Session - [0b/e3a453] Submitted process > GCTA_SIMULATE_PHENOTYPES (5 1 0.5 gamma cb.strain.set.290_literal.harborporpoise_0.05)
May-27 13:17:44.364 [Task submitter] DEBUG nextflow.executor.GridTaskHandler - [SLURM] submitted process GCTA_SIMULATE_PHENOTYPES (5 1 0.8 gamma cb.strain.set.290_literal.harborporpoise_0.05) > jobId: 3127410; workDir: /scratch4/eande106/Ryan/2025_briggsae_gwas_strainset_sims/a8/a90616db9f23a055a34f2a1f2403c4
May-27 13:17:44.364 [Task submitter] INFO  nextflow.Session - [a8/a90616] Submitted process > GCTA_SIMULATE_PHENOTYPES (5 1 0.8 gamma cb.strain.set.290_literal.harborporpoise_0.05)
May-27 13:17:47.116 [Task monitor] DEBUG n.processor.TaskPollingMonitor - Task completed > TaskHandler[jobId: 3127405; id: 154; name: GCTA_SIMULATE_PHENOTYPES (5 2 0.5 gamma cb.strain.set.290_literal.harborporpoise_0.05); status: COMPLETED; exit: 0; error: -; workDir: /scratch4/eande106/Ryan/2025_briggsae_gwas_strainset_sims/75/4b70fb383ffab6c6b40440c75eb47e started: 1748366267015; exited: 2025-05-27T17:17:45.772729461Z; ]
May-27 13:17:47.217 [Task monitor] DEBUG n.processor.TaskPollingMonitor - Task completed > TaskHandler[jobId: 3127406; id: 153; name: GCTA_SIMULATE_PHENOTYPES (5 2 0.2 gamma cb.strain.set.290_literal.harborporpoise_0.05); status: COMPLETED; exit: 0; error: -; workDir: /scratch4/eande106/Ryan/2025_briggsae_gwas_strainset_sims/5e/1ea80dee95efceea22e1596577d9bf started: 1748366267118; exited: 2025-05-27T17:17:45.881468852Z; ]
May-27 13:17:47.318 [Task monitor] DEBUG n.processor.TaskPollingMonitor - Task completed > TaskHandler[jobId: 3127407; id: 155; name: GCTA_SIMULATE_PHENOTYPES (5 2 0.8 gamma cb.strain.set.290_literal.harborporpoise_0.05); status: COMPLETED; exit: 0; error: -; workDir: /scratch4/eande106/Ryan/2025_briggsae_gwas_strainset_sims/e1/acb14f7f0f5bef5342457b0ccdd463 started: 1748366267316; exited: 2025-05-27T17:17:45.866674465Z; ]
May-27 13:17:47.414 [Task monitor] DEBUG n.processor.TaskPollingMonitor - Task completed > TaskHandler[jobId: 3127408; id: 156; name: GCTA_SIMULATE_PHENOTYPES (5 1 0.2 gamma cb.strain.set.290_literal.harborporpoise_0.05); status: COMPLETED; exit: 0; error: -; workDir: /scratch4/eande106/Ryan/2025_briggsae_gwas_strainset_sims/e7/6c638c205907209d0d614aad92c8cc started: 1748366267321; exited: 2025-05-27T17:17:45.832937505Z; ]
May-27 13:17:47.419 [Task monitor] DEBUG n.processor.TaskPollingMonitor - Task completed > TaskHandler[jobId: 3127409; id: 157; name: GCTA_SIMULATE_PHENOTYPES (5 1 0.5 gamma cb.strain.set.290_literal.harborporpoise_0.05); status: COMPLETED; exit: 0; error: -; workDir: /scratch4/eande106/Ryan/2025_briggsae_gwas_strainset_sims/0b/e3a453a2ed4dabf7771ad36802b28f started: 1748366267417; exited: 2025-05-27T17:17:45.833472552Z; ]
May-27 13:17:47.514 [Task monitor] DEBUG n.processor.TaskPollingMonitor - Task completed > TaskHandler[jobId: 3127410; id: 158; name: GCTA_SIMULATE_PHENOTYPES (5 1 0.8 gamma cb.strain.set.290_literal.harborporpoise_0.05); status: COMPLETED; exit: 0; error: -; workDir: /scratch4/eande106/Ryan/2025_briggsae_gwas_strainset_sims/a8/a90616db9f23a055a34f2a1f2403c4 started: 1748366267422; exited: 2025-05-27T17:17:45.822378241Z; ]
May-27 13:17:51.637 [Task submitter] DEBUG nextflow.executor.GridTaskHandler - [SLURM] submitted process PLINK_UPDATE_BY_H2 (5 2 0.2 gamma cb.strain.set.290_literal.harborporpoise_0.05) > jobId: 3127465; workDir: /scratch4/eande106/Ryan/2025_briggsae_gwas_strainset_sims/70/c741c6b337a5dc1e4b92aef89b05f1
May-27 13:17:51.637 [Task submitter] INFO  nextflow.Session - [70/c741c6] Submitted process > PLINK_UPDATE_BY_H2 (5 2 0.2 gamma cb.strain.set.290_literal.harborporpoise_0.05)
May-27 13:17:51.720 [Task submitter] DEBUG nextflow.executor.GridTaskHandler - [SLURM] submitted process PLINK_UPDATE_BY_H2 (5 1 0.2 gamma cb.strain.set.290_literal.harborporpoise_0.05) > jobId: 3127467; workDir: /scratch4/eande106/Ryan/2025_briggsae_gwas_strainset_sims/b7/f22db4e576c8ef3f3f335ef1a74b93
May-27 13:17:51.720 [Task submitter] INFO  nextflow.Session - [b7/f22db4] Submitted process > PLINK_UPDATE_BY_H2 (5 1 0.2 gamma cb.strain.set.290_literal.harborporpoise_0.05)
May-27 13:17:51.743 [Task submitter] DEBUG nextflow.executor.GridTaskHandler - [SLURM] submitted process PLINK_UPDATE_BY_H2 (5 2 0.5 gamma cb.strain.set.290_literal.harborporpoise_0.05) > jobId: 3127468; workDir: /scratch4/eande106/Ryan/2025_briggsae_gwas_strainset_sims/b0/7bebace5ddbb78a2bbd0efd70eede1
May-27 13:17:51.744 [Task submitter] INFO  nextflow.Session - [b0/7bebac] Submitted process > PLINK_UPDATE_BY_H2 (5 2 0.5 gamma cb.strain.set.290_literal.harborporpoise_0.05)
May-27 13:17:51.826 [Task submitter] DEBUG nextflow.executor.GridTaskHandler - [SLURM] submitted process PLINK_UPDATE_BY_H2 (5 2 0.8 gamma cb.strain.set.290_literal.harborporpoise_0.05) > jobId: 3127469; workDir: /scratch4/eande106/Ryan/2025_briggsae_gwas_strainset_sims/2d/5abd1af0b54f913c342caecdb0cfc5
May-27 13:17:51.827 [Task submitter] INFO  nextflow.Session - [2d/5abd1a] Submitted process > PLINK_UPDATE_BY_H2 (5 2 0.8 gamma cb.strain.set.290_literal.harborporpoise_0.05)
May-27 13:17:51.849 [Task submitter] DEBUG nextflow.executor.GridTaskHandler - [SLURM] submitted process PLINK_UPDATE_BY_H2 (5 1 0.8 gamma cb.strain.set.290_literal.harborporpoise_0.05) > jobId: 3127470; workDir: /scratch4/eande106/Ryan/2025_briggsae_gwas_strainset_sims/ee/1efa971664464d7d9f57a3080f4bb4
May-27 13:17:51.849 [Task submitter] INFO  nextflow.Session - [ee/1efa97] Submitted process > PLINK_UPDATE_BY_H2 (5 1 0.8 gamma cb.strain.set.290_literal.harborporpoise_0.05)
May-27 13:17:51.930 [Task submitter] DEBUG nextflow.executor.GridTaskHandler - [SLURM] submitted process PLINK_UPDATE_BY_H2 (5 1 0.5 gamma cb.strain.set.290_literal.harborporpoise_0.05) > jobId: 3127471; workDir: /scratch4/eande106/Ryan/2025_briggsae_gwas_strainset_sims/17/3d8f3ef295f02f043266f387f12340
May-27 13:17:51.930 [Task submitter] INFO  nextflow.Session - [17/3d8f3e] Submitted process > PLINK_UPDATE_BY_H2 (5 1 0.5 gamma cb.strain.set.290_literal.harborporpoise_0.05)
May-27 13:17:57.915 [Task monitor] DEBUG n.processor.TaskPollingMonitor - Task completed > TaskHandler[jobId: 3127465; id: 213; name: PLINK_UPDATE_BY_H2 (5 2 0.2 gamma cb.strain.set.290_literal.harborporpoise_0.05); status: COMPLETED; exit: 0; error: -; workDir: /scratch4/eande106/Ryan/2025_briggsae_gwas_strainset_sims/70/c741c6b337a5dc1e4b92aef89b05f1 started: 1748366277826; exited: 2025-05-27T17:17:53.674896225Z; ]
May-27 13:17:58.022 [Task monitor] DEBUG n.processor.TaskPollingMonitor - Task completed > TaskHandler[jobId: 3127467; id: 215; name: PLINK_UPDATE_BY_H2 (5 1 0.2 gamma cb.strain.set.290_literal.harborporpoise_0.05); status: COMPLETED; exit: 0; error: -; workDir: /scratch4/eande106/Ryan/2025_briggsae_gwas_strainset_sims/b7/f22db4e576c8ef3f3f335ef1a74b93 started: 1748366278018; exited: 2025-05-27T17:17:53.678571234Z; ]
May-27 13:17:58.215 [Task monitor] DEBUG n.processor.TaskPollingMonitor - Task completed > TaskHandler[jobId: 3127468; id: 214; name: PLINK_UPDATE_BY_H2 (5 2 0.5 gamma cb.strain.set.290_literal.harborporpoise_0.05); status: COMPLETED; exit: 0; error: -; workDir: /scratch4/eande106/Ryan/2025_briggsae_gwas_strainset_sims/b0/7bebace5ddbb78a2bbd0efd70eede1 started: 1748366278116; exited: 2025-05-27T17:17:53.742017158Z; ]
May-27 13:17:58.314 [Task monitor] DEBUG n.processor.TaskPollingMonitor - Task completed > TaskHandler[jobId: 3127469; id: 216; name: PLINK_UPDATE_BY_H2 (5 2 0.8 gamma cb.strain.set.290_literal.harborporpoise_0.05); status: COMPLETED; exit: 0; error: -; workDir: /scratch4/eande106/Ryan/2025_briggsae_gwas_strainset_sims/2d/5abd1af0b54f913c342caecdb0cfc5 started: 1748366278217; exited: 2025-05-27T17:17:53.674972785Z; ]
May-27 13:17:58.319 [Task monitor] DEBUG n.processor.TaskPollingMonitor - Task completed > TaskHandler[jobId: 3127470; id: 217; name: PLINK_UPDATE_BY_H2 (5 1 0.8 gamma cb.strain.set.290_literal.harborporpoise_0.05); status: COMPLETED; exit: 0; error: -; workDir: /scratch4/eande106/Ryan/2025_briggsae_gwas_strainset_sims/ee/1efa971664464d7d9f57a3080f4bb4 started: 1748366278316; exited: 2025-05-27T17:17:53.707882027Z; ]
May-27 13:17:58.415 [Task monitor] DEBUG n.processor.TaskPollingMonitor - Task completed > TaskHandler[jobId: 3127471; id: 218; name: PLINK_UPDATE_BY_H2 (5 1 0.5 gamma cb.strain.set.290_literal.harborporpoise_0.05); status: COMPLETED; exit: 0; error: -; workDir: /scratch4/eande106/Ryan/2025_briggsae_gwas_strainset_sims/17/3d8f3ef295f02f043266f387f12340 started: 1748366278320; exited: 2025-05-27T17:17:53.742083444Z; ]
May-27 13:18:02.958 [Task submitter] DEBUG nextflow.executor.GridTaskHandler - [SLURM] submitted process GCTA_MAKE_GRM (5 2 0.2 gamma inbred cb.strain.set.290_literal.harborporpoise_0.05) > jobId: 3127526; workDir: /scratch4/eande106/Ryan/2025_briggsae_gwas_strainset_sims/5d/a4e1b7c213b98ed8312b1e730d7bb4
May-27 13:18:02.958 [Task submitter] INFO  nextflow.Session - [5d/a4e1b7] Submitted process > GCTA_MAKE_GRM (5 2 0.2 gamma inbred cb.strain.set.290_literal.harborporpoise_0.05)
May-27 13:18:03.157 [Task submitter] DEBUG nextflow.executor.GridTaskHandler - [SLURM] submitted process GCTA_MAKE_GRM (5 1 0.2 gamma inbred cb.strain.set.290_literal.harborporpoise_0.05) > jobId: 3127528; workDir: /scratch4/eande106/Ryan/2025_briggsae_gwas_strainset_sims/88/629df00a1aa1fe95640579f1969c05
May-27 13:18:03.157 [Task submitter] INFO  nextflow.Session - [88/629df0] Submitted process > GCTA_MAKE_GRM (5 1 0.2 gamma inbred cb.strain.set.290_literal.harborporpoise_0.05)
May-27 13:18:03.258 [Task submitter] DEBUG nextflow.executor.GridTaskHandler - [SLURM] submitted process GCTA_MAKE_GRM (5 2 0.5 gamma inbred cb.strain.set.290_literal.harborporpoise_0.05) > jobId: 3127529; workDir: /scratch4/eande106/Ryan/2025_briggsae_gwas_strainset_sims/a5/14c83243a8f60f27fafd70f82e100d
May-27 13:18:03.258 [Task submitter] INFO  nextflow.Session - [a5/14c832] Submitted process > GCTA_MAKE_GRM (5 2 0.5 gamma inbred cb.strain.set.290_literal.harborporpoise_0.05)
May-27 13:18:03.357 [Task submitter] DEBUG nextflow.executor.GridTaskHandler - [SLURM] submitted process GCTA_MAKE_GRM (5 1 0.8 gamma inbred cb.strain.set.290_literal.harborporpoise_0.05) > jobId: 3127530; workDir: /scratch4/eande106/Ryan/2025_briggsae_gwas_strainset_sims/1a/600ed137a344e597528e4ae00161c3
May-27 13:18:03.357 [Task submitter] INFO  nextflow.Session - [1a/600ed1] Submitted process > GCTA_MAKE_GRM (5 1 0.8 gamma inbred cb.strain.set.290_literal.harborporpoise_0.05)
May-27 13:18:03.551 [Task submitter] DEBUG nextflow.executor.GridTaskHandler - [SLURM] submitted process GCTA_MAKE_GRM (5 1 0.5 gamma inbred cb.strain.set.290_literal.harborporpoise_0.05) > jobId: 3127532; workDir: /scratch4/eande106/Ryan/2025_briggsae_gwas_strainset_sims/e3/6325e2d1b3f7f15bd5d680778b70a1
May-27 13:18:03.552 [Task submitter] INFO  nextflow.Session - [e3/6325e2] Submitted process > GCTA_MAKE_GRM (5 1 0.5 gamma inbred cb.strain.set.290_literal.harborporpoise_0.05)
May-27 13:18:03.651 [Task submitter] DEBUG nextflow.executor.GridTaskHandler - [SLURM] submitted process GCTA_MAKE_GRM (5 2 0.8 gamma inbred cb.strain.set.290_literal.harborporpoise_0.05) > jobId: 3127533; workDir: /scratch4/eande106/Ryan/2025_briggsae_gwas_strainset_sims/0b/978bcafab16b447eb8892e729f1778
May-27 13:18:03.651 [Task submitter] INFO  nextflow.Session - [0b/978bca] Submitted process > GCTA_MAKE_GRM (5 2 0.8 gamma inbred cb.strain.set.290_literal.harborporpoise_0.05)
May-27 13:18:07.724 [Task monitor] DEBUG n.processor.TaskPollingMonitor - Task completed > TaskHandler[jobId: 3127526; id: 272; name: GCTA_MAKE_GRM (5 2 0.2 gamma inbred cb.strain.set.290_literal.harborporpoise_0.05); status: COMPLETED; exit: 0; error: -; workDir: /scratch4/eande106/Ryan/2025_briggsae_gwas_strainset_sims/5d/a4e1b7c213b98ed8312b1e730d7bb4 started: 1748366287722; exited: 2025-05-27T17:18:05.748561502Z; ]
May-27 13:18:08.015 [Task monitor] DEBUG n.processor.TaskPollingMonitor - Task completed > TaskHandler[jobId: 3127528; id: 274; name: GCTA_MAKE_GRM (5 1 0.2 gamma inbred cb.strain.set.290_literal.harborporpoise_0.05); status: COMPLETED; exit: 0; error: -; workDir: /scratch4/eande106/Ryan/2025_briggsae_gwas_strainset_sims/88/629df00a1aa1fe95640579f1969c05 started: 1748366287919; exited: 2025-05-27T17:18:05.700621128Z; ]
May-27 13:18:08.115 [Task monitor] DEBUG n.processor.TaskPollingMonitor - Task completed > TaskHandler[jobId: 3127529; id: 275; name: GCTA_MAKE_GRM (5 2 0.5 gamma inbred cb.strain.set.290_literal.harborporpoise_0.05); status: COMPLETED; exit: 0; error: -; workDir: /scratch4/eande106/Ryan/2025_briggsae_gwas_strainset_sims/a5/14c83243a8f60f27fafd70f82e100d started: 1748366288017; exited: 2025-05-27T17:18:05.686452256Z; ]
May-27 13:18:08.216 [Task monitor] DEBUG n.processor.TaskPollingMonitor - Task completed > TaskHandler[jobId: 3127530; id: 276; name: GCTA_MAKE_GRM (5 1 0.8 gamma inbred cb.strain.set.290_literal.harborporpoise_0.05); status: COMPLETED; exit: 0; error: -; workDir: /scratch4/eande106/Ryan/2025_briggsae_gwas_strainset_sims/1a/600ed137a344e597528e4ae00161c3 started: 1748366288120; exited: 2025-05-27T17:18:06.007191621Z; ]
May-27 13:18:08.415 [Task monitor] DEBUG n.processor.TaskPollingMonitor - Task completed > TaskHandler[jobId: 3127532; id: 278; name: GCTA_MAKE_GRM (5 1 0.5 gamma inbred cb.strain.set.290_literal.harborporpoise_0.05); status: COMPLETED; exit: 0; error: -; workDir: /scratch4/eande106/Ryan/2025_briggsae_gwas_strainset_sims/e3/6325e2d1b3f7f15bd5d680778b70a1 started: 1748366288317; exited: 2025-05-27T17:18:05.983190526Z; ]
May-27 13:18:08.516 [Task monitor] DEBUG n.processor.TaskPollingMonitor - Task completed > TaskHandler[jobId: 3127533; id: 279; name: GCTA_MAKE_GRM (5 2 0.8 gamma inbred cb.strain.set.290_literal.harborporpoise_0.05); status: COMPLETED; exit: 0; error: -; workDir: /scratch4/eande106/Ryan/2025_briggsae_gwas_strainset_sims/0b/978bcafab16b447eb8892e729f1778 started: 1748366288426; exited: 2025-05-27T17:18:06.065075964Z; ]
May-27 13:18:12.331 [Task submitter] DEBUG nextflow.executor.GridTaskHandler - [SLURM] submitted process PYTHON_CHECK_VP (5 2 0.2 gamma inbred cb.strain.set.290_literal.harborporpoise_0.05) > jobId: 3127609; workDir: /scratch4/eande106/Ryan/2025_briggsae_gwas_strainset_sims/4c/957d44a05a91823a5e46d6114d95d1
May-27 13:18:12.332 [Task submitter] INFO  nextflow.Session - [4c/957d44] Submitted process > PYTHON_CHECK_VP (5 2 0.2 gamma inbred cb.strain.set.290_literal.harborporpoise_0.05)
May-27 13:18:12.545 [Task submitter] DEBUG nextflow.executor.GridTaskHandler - [SLURM] submitted process PYTHON_CHECK_VP (5 1 0.2 gamma inbred cb.strain.set.290_literal.harborporpoise_0.05) > jobId: 3127613; workDir: /scratch4/eande106/Ryan/2025_briggsae_gwas_strainset_sims/22/1d3d3cbac7d5687ebc7120616e4f65
May-27 13:18:12.545 [Task submitter] INFO  nextflow.Session - [22/1d3d3c] Submitted process > PYTHON_CHECK_VP (5 1 0.2 gamma inbred cb.strain.set.290_literal.harborporpoise_0.05)
May-27 13:18:12.567 [Task submitter] DEBUG nextflow.executor.GridTaskHandler - [SLURM] submitted process PYTHON_CHECK_VP (5 2 0.5 gamma inbred cb.strain.set.290_literal.harborporpoise_0.05) > jobId: 3127614; workDir: /scratch4/eande106/Ryan/2025_briggsae_gwas_strainset_sims/52/7069ea1a8bfc009ee89d4de3301123
May-27 13:18:12.567 [Task submitter] INFO  nextflow.Session - [52/7069ea] Submitted process > PYTHON_CHECK_VP (5 2 0.5 gamma inbred cb.strain.set.290_literal.harborporpoise_0.05)
May-27 13:18:12.657 [Task submitter] DEBUG nextflow.executor.GridTaskHandler - [SLURM] submitted process PYTHON_CHECK_VP (5 1 0.8 gamma inbred cb.strain.set.290_literal.harborporpoise_0.05) > jobId: 3127616; workDir: /scratch4/eande106/Ryan/2025_briggsae_gwas_strainset_sims/83/f6e16136e66a15acbc98a89d127af9
May-27 13:18:12.657 [Task submitter] INFO  nextflow.Session - [83/f6e161] Submitted process > PYTHON_CHECK_VP (5 1 0.8 gamma inbred cb.strain.set.290_literal.harborporpoise_0.05)
May-27 13:18:12.857 [Task submitter] DEBUG nextflow.executor.GridTaskHandler - [SLURM] submitted process PYTHON_CHECK_VP (5 1 0.5 gamma inbred cb.strain.set.290_literal.harborporpoise_0.05) > jobId: 3127618; workDir: /scratch4/eande106/Ryan/2025_briggsae_gwas_strainset_sims/1b/df727d62609ea08d76ab6d8fd37266
May-27 13:18:12.857 [Task submitter] INFO  nextflow.Session - [1b/df727d] Submitted process > PYTHON_CHECK_VP (5 1 0.5 gamma inbred cb.strain.set.290_literal.harborporpoise_0.05)
May-27 13:18:12.957 [Task submitter] DEBUG nextflow.executor.GridTaskHandler - [SLURM] submitted process PYTHON_CHECK_VP (5 2 0.8 gamma inbred cb.strain.set.290_literal.harborporpoise_0.05) > jobId: 3127619; workDir: /scratch4/eande106/Ryan/2025_briggsae_gwas_strainset_sims/8f/e64078dae911f9142ab65ce0e06cb6
May-27 13:18:12.957 [Task submitter] INFO  nextflow.Session - [8f/e64078] Submitted process > PYTHON_CHECK_VP (5 2 0.8 gamma inbred cb.strain.set.290_literal.harborporpoise_0.05)
May-27 13:18:17.317 [Task monitor] DEBUG n.processor.TaskPollingMonitor - Task completed > TaskHandler[jobId: 3127609; id: 329; name: PYTHON_CHECK_VP (5 2 0.2 gamma inbred cb.strain.set.290_literal.harborporpoise_0.05); status: COMPLETED; exit: 0; error: -; workDir: /scratch4/eande106/Ryan/2025_briggsae_gwas_strainset_sims/4c/957d44a05a91823a5e46d6114d95d1 started: 1748366297219; exited: 2025-05-27T17:18:14.635354544Z; ]
May-27 13:18:17.914 [Task monitor] DEBUG n.processor.TaskPollingMonitor - Task completed > TaskHandler[jobId: 3127613; id: 334; name: PYTHON_CHECK_VP (5 1 0.2 gamma inbred cb.strain.set.290_literal.harborporpoise_0.05); status: COMPLETED; exit: 0; error: -; workDir: /scratch4/eande106/Ryan/2025_briggsae_gwas_strainset_sims/22/1d3d3cbac7d5687ebc7120616e4f65 started: 1748366297843; exited: 2025-05-27T17:18:14.717016573Z; ]
May-27 13:18:18.016 [Task monitor] DEBUG n.processor.TaskPollingMonitor - Task completed > TaskHandler[jobId: 3127614; id: 335; name: PYTHON_CHECK_VP (5 2 0.5 gamma inbred cb.strain.set.290_literal.harborporpoise_0.05); status: COMPLETED; exit: 0; error: -; workDir: /scratch4/eande106/Ryan/2025_briggsae_gwas_strainset_sims/52/7069ea1a8bfc009ee89d4de3301123 started: 1748366297916; exited: 2025-05-27T17:18:14.674894206Z; ]
May-27 13:18:18.120 [Task monitor] DEBUG n.processor.TaskPollingMonitor - Task completed > TaskHandler[jobId: 3127616; id: 336; name: PYTHON_CHECK_VP (5 1 0.8 gamma inbred cb.strain.set.290_literal.harborporpoise_0.05); status: COMPLETED; exit: 0; error: -; workDir: /scratch4/eande106/Ryan/2025_briggsae_gwas_strainset_sims/83/f6e16136e66a15acbc98a89d127af9 started: 1748366298118; exited: 2025-05-27T17:18:14.741866351Z; ]
May-27 13:18:18.127 [Task monitor] DEBUG n.processor.TaskPollingMonitor - Task completed > TaskHandler[jobId: 3127618; id: 338; name: PYTHON_CHECK_VP (5 1 0.5 gamma inbred cb.strain.set.290_literal.harborporpoise_0.05); status: COMPLETED; exit: 0; error: -; workDir: /scratch4/eande106/Ryan/2025_briggsae_gwas_strainset_sims/1b/df727d62609ea08d76ab6d8fd37266 started: 1748366298125; exited: 2025-05-27T17:18:14.707000998Z; ]
May-27 13:18:18.218 [Task monitor] DEBUG n.processor.TaskPollingMonitor - Task completed > TaskHandler[jobId: 3127619; id: 340; name: PYTHON_CHECK_VP (5 2 0.8 gamma inbred cb.strain.set.290_literal.harborporpoise_0.05); status: COMPLETED; exit: 0; error: -; workDir: /scratch4/eande106/Ryan/2025_briggsae_gwas_strainset_sims/8f/e64078dae911f9142ab65ce0e06cb6 started: 1748366298216; exited: 2025-05-27T17:18:14.871001272Z; ]
May-27 13:18:22.035 [Task submitter] DEBUG nextflow.executor.GridTaskHandler - [SLURM] submitted process GCTA_PERFORM_GWA (5 2 0.2 gamma inbred pca cb.strain.set.290_literal.harborporpoise_0.05) > jobId: 3127665; workDir: /scratch4/eande106/Ryan/2025_briggsae_gwas_strainset_sims/bc/93ab77bc1c8d5fbbcaadb0cde19121
May-27 13:18:22.035 [Task submitter] INFO  nextflow.Session - [bc/93ab77] Submitted process > GCTA_PERFORM_GWA (5 2 0.2 gamma inbred pca cb.strain.set.290_literal.harborporpoise_0.05)
May-27 13:18:22.426 [Task submitter] DEBUG nextflow.executor.GridTaskHandler - [SLURM] submitted process GCTA_PERFORM_GWA (5 1 0.2 gamma inbred pca cb.strain.set.290_literal.harborporpoise_0.05) > jobId: 3127673; workDir: /scratch4/eande106/Ryan/2025_briggsae_gwas_strainset_sims/df/b5cc7e0d5d224507787ed8af0bf5ac
May-27 13:18:22.426 [Task submitter] INFO  nextflow.Session - [df/b5cc7e] Submitted process > GCTA_PERFORM_GWA (5 1 0.2 gamma inbred pca cb.strain.set.290_literal.harborporpoise_0.05)
May-27 13:18:22.449 [Task submitter] DEBUG nextflow.executor.GridTaskHandler - [SLURM] submitted process GCTA_PERFORM_GWA (5 2 0.5 gamma inbred pca cb.strain.set.290_literal.harborporpoise_0.05) > jobId: 3127674; workDir: /scratch4/eande106/Ryan/2025_briggsae_gwas_strainset_sims/0e/3607ed3381cf15fc72f136ed7616c9
May-27 13:18:22.450 [Task submitter] INFO  nextflow.Session - [0e/3607ed] Submitted process > GCTA_PERFORM_GWA (5 2 0.5 gamma inbred pca cb.strain.set.290_literal.harborporpoise_0.05)
May-27 13:18:22.531 [Task submitter] DEBUG nextflow.executor.GridTaskHandler - [SLURM] submitted process GCTA_PERFORM_GWA (5 1 0.8 gamma inbred pca cb.strain.set.290_literal.harborporpoise_0.05) > jobId: 3127675; workDir: /scratch4/eande106/Ryan/2025_briggsae_gwas_strainset_sims/a0/77208e43917924219eda0ea9158bc1
May-27 13:18:22.531 [Task submitter] INFO  nextflow.Session - [a0/77208e] Submitted process > GCTA_PERFORM_GWA (5 1 0.8 gamma inbred pca cb.strain.set.290_literal.harborporpoise_0.05)
May-27 13:18:22.834 [Task submitter] DEBUG nextflow.executor.GridTaskHandler - [SLURM] submitted process GCTA_PERFORM_GWA (5 1 0.5 gamma inbred pca cb.strain.set.290_literal.harborporpoise_0.05) > jobId: 3127678; workDir: /scratch4/eande106/Ryan/2025_briggsae_gwas_strainset_sims/b5/98e218d818c41dd84e6dd8f5d1eb52
May-27 13:18:22.834 [Task submitter] INFO  nextflow.Session - [b5/98e218] Submitted process > GCTA_PERFORM_GWA (5 1 0.5 gamma inbred pca cb.strain.set.290_literal.harborporpoise_0.05)
May-27 13:18:22.866 [Task submitter] DEBUG nextflow.executor.GridTaskHandler - [SLURM] submitted process GCTA_PERFORM_GWA (5 2 0.8 gamma inbred pca cb.strain.set.290_literal.harborporpoise_0.05) > jobId: 3127679; workDir: /scratch4/eande106/Ryan/2025_briggsae_gwas_strainset_sims/09/308444c95aafa04935fc16ed7df88b
May-27 13:18:22.867 [Task submitter] INFO  nextflow.Session - [09/308444] Submitted process > GCTA_PERFORM_GWA (5 2 0.8 gamma inbred pca cb.strain.set.290_literal.harborporpoise_0.05)
May-27 13:18:25.917 [Task monitor] DEBUG n.processor.TaskPollingMonitor - Task completed > TaskHandler[jobId: 3127665; id: 386; name: GCTA_PERFORM_GWA (5 2 0.2 gamma inbred pca cb.strain.set.290_literal.harborporpoise_0.05); status: COMPLETED; exit: 0; error: -; workDir: /scratch4/eande106/Ryan/2025_briggsae_gwas_strainset_sims/bc/93ab77bc1c8d5fbbcaadb0cde19121 started: 1748366305913; exited: 2025-05-27T17:18:24.455582813Z; ]
May-27 13:18:26.917 [Task monitor] DEBUG n.processor.TaskPollingMonitor - Task completed > TaskHandler[jobId: 3127673; id: 394; name: GCTA_PERFORM_GWA (5 1 0.2 gamma inbred pca cb.strain.set.290_literal.harborporpoise_0.05); status: COMPLETED; exit: 0; error: -; workDir: /scratch4/eande106/Ryan/2025_briggsae_gwas_strainset_sims/df/b5cc7e0d5d224507787ed8af0bf5ac started: 1748366306819; exited: 2025-05-27T17:18:24.089806147Z; ]
May-27 13:18:27.013 [Task monitor] DEBUG n.processor.TaskPollingMonitor - Task completed > TaskHandler[jobId: 3127674; id: 395; name: GCTA_PERFORM_GWA (5 2 0.5 gamma inbred pca cb.strain.set.290_literal.harborporpoise_0.05); status: COMPLETED; exit: 0; error: -; workDir: /scratch4/eande106/Ryan/2025_briggsae_gwas_strainset_sims/0e/3607ed3381cf15fc72f136ed7616c9 started: 1748366306924; exited: 2025-05-27T17:18:24.513984156Z; ]
May-27 13:18:27.119 [Task monitor] DEBUG n.processor.TaskPollingMonitor - Task completed > TaskHandler[jobId: 3127675; id: 396; name: GCTA_PERFORM_GWA (5 1 0.8 gamma inbred pca cb.strain.set.290_literal.harborporpoise_0.05); status: COMPLETED; exit: 0; error: -; workDir: /scratch4/eande106/Ryan/2025_briggsae_gwas_strainset_sims/a0/77208e43917924219eda0ea9158bc1 started: 1748366307016; exited: 2025-05-27T17:18:24.737963987Z; ]
May-27 13:18:27.325 [Task monitor] DEBUG n.processor.TaskPollingMonitor - Task completed > TaskHandler[jobId: 3127678; id: 398; name: GCTA_PERFORM_GWA (5 1 0.5 gamma inbred pca cb.strain.set.290_literal.harborporpoise_0.05); status: COMPLETED; exit: 0; error: -; workDir: /scratch4/eande106/Ryan/2025_briggsae_gwas_strainset_sims/b5/98e218d818c41dd84e6dd8f5d1eb52 started: 1748366307322; exited: 2025-05-27T17:18:24.111206487Z; ]
May-27 13:18:27.419 [Task monitor] DEBUG n.processor.TaskPollingMonitor - Task completed > TaskHandler[jobId: 3127679; id: 400; name: GCTA_PERFORM_GWA (5 2 0.8 gamma inbred pca cb.strain.set.290_literal.harborporpoise_0.05); status: COMPLETED; exit: 0; error: -; workDir: /scratch4/eande106/Ryan/2025_briggsae_gwas_strainset_sims/09/308444c95aafa04935fc16ed7df88b started: 1748366307415; exited: 2025-05-27T17:18:24.62475694Z; ]
May-27 13:18:31.325 [Task submitter] DEBUG nextflow.executor.GridTaskHandler - [SLURM] submitted process R_GET_GCTA_INTERVALS (5 2 0.2 gamma inbred pca cb.strain.set.290_literal.harborporpoise_0.05) > jobId: 3127722; workDir: /scratch4/eande106/Ryan/2025_briggsae_gwas_strainset_sims/b6/bdec06fe3248297e718fc738d58003
May-27 13:18:31.325 [Task submitter] INFO  nextflow.Session - [b6/bdec06] Submitted process > R_GET_GCTA_INTERVALS (5 2 0.2 gamma inbred pca cb.strain.set.290_literal.harborporpoise_0.05)
May-27 13:18:32.536 [Task submitter] DEBUG nextflow.executor.GridTaskHandler - [SLURM] submitted process R_GET_GCTA_INTERVALS (5 1 0.2 gamma inbred pca cb.strain.set.290_literal.harborporpoise_0.05) > jobId: 3127730; workDir: /scratch4/eande106/Ryan/2025_briggsae_gwas_strainset_sims/d4/e0fc455851ada184df5df369666b0f
May-27 13:18:32.536 [Task submitter] INFO  nextflow.Session - [d4/e0fc45] Submitted process > R_GET_GCTA_INTERVALS (5 1 0.2 gamma inbred pca cb.strain.set.290_literal.harborporpoise_0.05)
May-27 13:18:32.623 [Task submitter] DEBUG nextflow.executor.GridTaskHandler - [SLURM] submitted process R_GET_GCTA_INTERVALS (5 2 0.5 gamma inbred pca cb.strain.set.290_literal.harborporpoise_0.05) > jobId: 3127731; workDir: /scratch4/eande106/Ryan/2025_briggsae_gwas_strainset_sims/d2/003f25257d88aa5a2f07063b696301
May-27 13:18:32.623 [Task submitter] INFO  nextflow.Session - [d2/003f25] Submitted process > R_GET_GCTA_INTERVALS (5 2 0.5 gamma inbred pca cb.strain.set.290_literal.harborporpoise_0.05)
May-27 13:18:32.646 [Task submitter] DEBUG nextflow.executor.GridTaskHandler - [SLURM] submitted process R_GET_GCTA_INTERVALS (5 1 0.8 gamma inbred pca cb.strain.set.290_literal.harborporpoise_0.05) > jobId: 3127732; workDir: /scratch4/eande106/Ryan/2025_briggsae_gwas_strainset_sims/45/9619bc905fbc076b3c6e8b6c279e73
May-27 13:18:32.647 [Task submitter] INFO  nextflow.Session - [45/9619bc] Submitted process > R_GET_GCTA_INTERVALS (5 1 0.8 gamma inbred pca cb.strain.set.290_literal.harborporpoise_0.05)
May-27 13:18:32.746 [Task submitter] DEBUG nextflow.executor.GridTaskHandler - [SLURM] submitted process R_GET_GCTA_INTERVALS (5 2 0.8 gamma inbred pca cb.strain.set.290_literal.harborporpoise_0.05) > jobId: 3127735; workDir: /scratch4/eande106/Ryan/2025_briggsae_gwas_strainset_sims/e4/3fb9644de62fbd7eb0ff1ee208828b
May-27 13:18:32.746 [Task submitter] INFO  nextflow.Session - [e4/3fb964] Submitted process > R_GET_GCTA_INTERVALS (5 2 0.8 gamma inbred pca cb.strain.set.290_literal.harborporpoise_0.05)
May-27 13:18:32.846 [Task submitter] DEBUG nextflow.executor.GridTaskHandler - [SLURM] submitted process R_GET_GCTA_INTERVALS (5 1 0.5 gamma inbred pca cb.strain.set.290_literal.harborporpoise_0.05) > jobId: 3127737; workDir: /scratch4/eande106/Ryan/2025_briggsae_gwas_strainset_sims/30/2e8e7540364d6a228cce205ad814e3
May-27 13:18:32.846 [Task submitter] INFO  nextflow.Session - [30/2e8e75] Submitted process > R_GET_GCTA_INTERVALS (5 1 0.5 gamma inbred pca cb.strain.set.290_literal.harborporpoise_0.05)
May-27 13:18:39.837 [Task monitor] DEBUG n.processor.TaskPollingMonitor - Task completed > TaskHandler[jobId: 3127722; id: 443; name: R_GET_GCTA_INTERVALS (5 2 0.2 gamma inbred pca cb.strain.set.290_literal.harborporpoise_0.05); status: COMPLETED; exit: 0; error: -; workDir: /scratch4/eande106/Ryan/2025_briggsae_gwas_strainset_sims/b6/bdec06fe3248297e718fc738d58003 started: 1748366315421; exited: 2025-05-27T17:18:37.489288419Z; ]
May-27 13:18:40.947 [Task submitter] DEBUG nextflow.executor.GridTaskHandler - [SLURM] submitted process R_ASSESS_SIMS (5 2 0.2 gamma inbred pca cb.strain.set.290_literal.harborporpoise_0.05) > jobId: 3127785; workDir: /scratch4/eande106/Ryan/2025_briggsae_gwas_strainset_sims/8d/cda5b6ff0e1d9a2b4016bc21599ad6
May-27 13:18:40.947 [Task submitter] INFO  nextflow.Session - [8d/cda5b6] Submitted process > R_ASSESS_SIMS (5 2 0.2 gamma inbred pca cb.strain.set.290_literal.harborporpoise_0.05)
May-27 13:18:44.825 [Task monitor] DEBUG n.processor.TaskPollingMonitor - Task completed > TaskHandler[jobId: 3127730; id: 451; name: R_GET_GCTA_INTERVALS (5 1 0.2 gamma inbred pca cb.strain.set.290_literal.harborporpoise_0.05); status: COMPLETED; exit: 0; error: -; workDir: /scratch4/eande106/Ryan/2025_briggsae_gwas_strainset_sims/d4/e0fc455851ada184df5df369666b0f started: 1748366316021; exited: 2025-05-27T17:18:40.857182098Z; ]
May-27 13:18:44.828 [Task monitor] DEBUG n.processor.TaskPollingMonitor - Task completed > TaskHandler[jobId: 3127731; id: 452; name: R_GET_GCTA_INTERVALS (5 2 0.5 gamma inbred pca cb.strain.set.290_literal.harborporpoise_0.05); status: COMPLETED; exit: 0; error: -; workDir: /scratch4/eande106/Ryan/2025_briggsae_gwas_strainset_sims/d2/003f25257d88aa5a2f07063b696301 started: 1748366316116; exited: 2025-05-27T17:18:40.68714195Z; ]
May-27 13:18:44.830 [Task monitor] DEBUG n.processor.TaskPollingMonitor - Task completed > TaskHandler[jobId: 3127732; id: 453; name: R_GET_GCTA_INTERVALS (5 1 0.8 gamma inbred pca cb.strain.set.290_literal.harborporpoise_0.05); status: COMPLETED; exit: 0; error: -; workDir: /scratch4/eande106/Ryan/2025_briggsae_gwas_strainset_sims/45/9619bc905fbc076b3c6e8b6c279e73 started: 1748366316120; exited: 2025-05-27T17:18:40.319047561Z; ]
May-27 13:18:44.838 [Task monitor] DEBUG n.processor.TaskPollingMonitor - Task completed > TaskHandler[jobId: 3127735; id: 456; name: R_GET_GCTA_INTERVALS (5 2 0.8 gamma inbred pca cb.strain.set.290_literal.harborporpoise_0.05); status: COMPLETED; exit: 0; error: -; workDir: /scratch4/eande106/Ryan/2025_briggsae_gwas_strainset_sims/e4/3fb9644de62fbd7eb0ff1ee208828b started: 1748366316317; exited: 2025-05-27T17:18:40.550959278Z; ]
May-27 13:18:44.846 [Task monitor] DEBUG n.processor.TaskPollingMonitor - Task completed > TaskHandler[jobId: 3127737; id: 457; name: R_GET_GCTA_INTERVALS (5 1 0.5 gamma inbred pca cb.strain.set.290_literal.harborporpoise_0.05); status: COMPLETED; exit: 0; error: -; workDir: /scratch4/eande106/Ryan/2025_briggsae_gwas_strainset_sims/30/2e8e7540364d6a228cce205ad814e3 started: 1748366316415; exited: 2025-05-27T17:18:40.038181355Z; ]
May-27 13:18:45.920 [Task submitter] DEBUG nextflow.executor.GridTaskHandler - [SLURM] submitted process R_ASSESS_SIMS (5 1 0.2 gamma inbred pca cb.strain.set.290_literal.harborporpoise_0.05) > jobId: 3127808; workDir: /scratch4/eande106/Ryan/2025_briggsae_gwas_strainset_sims/c7/88a98287ac15b8dd96c7174d8c4892
May-27 13:18:45.921 [Task submitter] INFO  nextflow.Session - [c7/88a982] Submitted process > R_ASSESS_SIMS (5 1 0.2 gamma inbred pca cb.strain.set.290_literal.harborporpoise_0.05)
May-27 13:18:46.218 [Task monitor] DEBUG n.processor.TaskPollingMonitor - Task completed > TaskHandler[jobId: 3127785; id: 505; name: R_ASSESS_SIMS (5 2 0.2 gamma inbred pca cb.strain.set.290_literal.harborporpoise_0.05); status: COMPLETED; exit: 1; error: -; workDir: /scratch4/eande106/Ryan/2025_briggsae_gwas_strainset_sims/8d/cda5b6ff0e1d9a2b4016bc21599ad6 started: 1748366326215; exited: 2025-05-27T17:18:45.959994466Z; ]
May-27 13:18:46.914 [Task submitter] DEBUG nextflow.executor.GridTaskHandler - [SLURM] submitted process R_ASSESS_SIMS (5 2 0.5 gamma inbred pca cb.strain.set.290_literal.harborporpoise_0.05) > jobId: 3127820; workDir: /scratch4/eande106/Ryan/2025_briggsae_gwas_strainset_sims/06/4585693ae27a7b5587287636817694
May-27 13:18:46.914 [Task submitter] INFO  nextflow.Session - [06/458569] Submitted process > R_ASSESS_SIMS (5 2 0.5 gamma inbred pca cb.strain.set.290_literal.harborporpoise_0.05)
  task: name=R_ASSESS_SIMS (5 2 0.2 gamma inbred pca cb.strain.set.290_literal.harborporpoise_0.05); work-dir=/scratch4/eande106/Ryan/2025_briggsae_gwas_strainset_sims/8d/cda5b6ff0e1d9a2b4016bc21599ad6
  error [nextflow.exception.ProcessFailedException]: Process `R_ASSESS_SIMS (5 2 0.2 gamma inbred pca cb.strain.set.290_literal.harborporpoise_0.05)` terminated with an error exit status (1)
May-27 13:18:47.719 [TaskFinalizer-1] ERROR nextflow.processor.TaskProcessor - Error executing process > 'R_ASSESS_SIMS (5 2 0.2 gamma inbred pca cb.strain.set.290_literal.harborporpoise_0.05)'
  Process `R_ASSESS_SIMS (5 2 0.2 gamma inbred pca cb.strain.set.290_literal.harborporpoise_0.05)` terminated with an error exit status (1)
  Rscript --vanilla Assess_Sims.R 5_2_0.2_0.05_gamma_cb.strain.set.290_literal.harborporpoise_processed_LMM-EXACT_inbred_pca_mapping.tsv \
      cb.strain.set.290_literal.harborporpoise_0.05_Genotype_Matrix.tsv 5_2_0.2_0.05_gamma_cb.strain.set.290_literal.harborporpoise_sims.par 5_2_0.2_0.05_gamma_cb.strain.set.290_literal.harborporpoise_sims.pheno \
      5 2 0.2 0.05 gamma cb.strain.set.290_literal.harborporpoise inbred_pca
May-27 13:18:47.725 [TaskFinalizer-1] DEBUG nextflow.Session - Session aborted -- Cause: Process `R_ASSESS_SIMS (5 2 0.2 gamma inbred pca cb.strain.set.290_literal.harborporpoise_0.05)` terminated with an error exit status (1)
May-27 13:18:47.816 [Task submitter] DEBUG nextflow.executor.GridTaskHandler - [SLURM] submitted process R_ASSESS_SIMS (5 2 0.8 gamma inbred pca cb.strain.set.290_literal.harborporpoise_0.05) > jobId: 3127831; workDir: /scratch4/eande106/Ryan/2025_briggsae_gwas_strainset_sims/a1/bd2cdede98b1e69d9b32096e3ee09f
May-27 13:18:47.816 [Task submitter] INFO  nextflow.Session - [a1/bd2cde] Submitted process > R_ASSESS_SIMS (5 2 0.8 gamma inbred pca cb.strain.set.290_literal.harborporpoise_0.05)
