May-27 13:17:44.122 [Task submitter] DEBUG nextflow.executor.GridTaskHandler - [SLURM] submitted process GCTA_SIMULATE_PHENOTYPES (5 2 0.2 gamma cb.strain.set.290_literal.harborporpoise_0.05) > jobId: 3127406; workDir: /scratch4/eande106/Ryan/2025_briggsae_gwas_strainset_sims/5e/1ea80dee95efceea22e1596577d9bf
May-27 13:17:44.123 [Task submitter] INFO  nextflow.Session - [5e/1ea80d] Submitted process > GCTA_SIMULATE_PHENOTYPES (5 2 0.2 gamma cb.strain.set.290_literal.harborporpoise_0.05)
May-27 13:17:47.217 [Task monitor] DEBUG n.processor.TaskPollingMonitor - Task completed > TaskHandler[jobId: 3127406; id: 153; name: GCTA_SIMULATE_PHENOTYPES (5 2 0.2 gamma cb.strain.set.290_literal.harborporpoise_0.05); status: COMPLETED; exit: 0; error: -; workDir: /scratch4/eande106/Ryan/2025_briggsae_gwas_strainset_sims/5e/1ea80dee95efceea22e1596577d9bf started: 1748366267118; exited: 2025-05-27T17:17:45.881468852Z; ]
May-27 13:17:51.637 [Task submitter] DEBUG nextflow.executor.GridTaskHandler - [SLURM] submitted process PLINK_UPDATE_BY_H2 (5 2 0.2 gamma cb.strain.set.290_literal.harborporpoise_0.05) > jobId: 3127465; workDir: /scratch4/eande106/Ryan/2025_briggsae_gwas_strainset_sims/70/c741c6b337a5dc1e4b92aef89b05f1
May-27 13:17:51.637 [Task submitter] INFO  nextflow.Session - [70/c741c6] Submitted process > PLINK_UPDATE_BY_H2 (5 2 0.2 gamma cb.strain.set.290_literal.harborporpoise_0.05)
May-27 13:17:57.915 [Task monitor] DEBUG n.processor.TaskPollingMonitor - Task completed > TaskHandler[jobId: 3127465; id: 213; name: PLINK_UPDATE_BY_H2 (5 2 0.2 gamma cb.strain.set.290_literal.harborporpoise_0.05); status: COMPLETED; exit: 0; error: -; workDir: /scratch4/eande106/Ryan/2025_briggsae_gwas_strainset_sims/70/c741c6b337a5dc1e4b92aef89b05f1 started: 1748366277826; exited: 2025-05-27T17:17:53.674896225Z; ]
May-27 13:18:02.958 [Task submitter] DEBUG nextflow.executor.GridTaskHandler - [SLURM] submitted process GCTA_MAKE_GRM (5 2 0.2 gamma inbred cb.strain.set.290_literal.harborporpoise_0.05) > jobId: 3127526; workDir: /scratch4/eande106/Ryan/2025_briggsae_gwas_strainset_sims/5d/a4e1b7c213b98ed8312b1e730d7bb4
May-27 13:18:02.958 [Task submitter] INFO  nextflow.Session - [5d/a4e1b7] Submitted process > GCTA_MAKE_GRM (5 2 0.2 gamma inbred cb.strain.set.290_literal.harborporpoise_0.05)
May-27 13:18:07.724 [Task monitor] DEBUG n.processor.TaskPollingMonitor - Task completed > TaskHandler[jobId: 3127526; id: 272; name: GCTA_MAKE_GRM (5 2 0.2 gamma inbred cb.strain.set.290_literal.harborporpoise_0.05); status: COMPLETED; exit: 0; error: -; workDir: /scratch4/eande106/Ryan/2025_briggsae_gwas_strainset_sims/5d/a4e1b7c213b98ed8312b1e730d7bb4 started: 1748366287722; exited: 2025-05-27T17:18:05.748561502Z; ]
May-27 13:18:12.331 [Task submitter] DEBUG nextflow.executor.GridTaskHandler - [SLURM] submitted process PYTHON_CHECK_VP (5 2 0.2 gamma inbred cb.strain.set.290_literal.harborporpoise_0.05) > jobId: 3127609; workDir: /scratch4/eande106/Ryan/2025_briggsae_gwas_strainset_sims/4c/957d44a05a91823a5e46d6114d95d1
May-27 13:18:12.332 [Task submitter] INFO  nextflow.Session - [4c/957d44] Submitted process > PYTHON_CHECK_VP (5 2 0.2 gamma inbred cb.strain.set.290_literal.harborporpoise_0.05)
May-27 13:18:17.317 [Task monitor] DEBUG n.processor.TaskPollingMonitor - Task completed > TaskHandler[jobId: 3127609; id: 329; name: PYTHON_CHECK_VP (5 2 0.2 gamma inbred cb.strain.set.290_literal.harborporpoise_0.05); status: COMPLETED; exit: 0; error: -; workDir: /scratch4/eande106/Ryan/2025_briggsae_gwas_strainset_sims/4c/957d44a05a91823a5e46d6114d95d1 started: 1748366297219; exited: 2025-05-27T17:18:14.635354544Z; ]
May-27 13:18:22.035 [Task submitter] DEBUG nextflow.executor.GridTaskHandler - [SLURM] submitted process GCTA_PERFORM_GWA (5 2 0.2 gamma inbred pca cb.strain.set.290_literal.harborporpoise_0.05) > jobId: 3127665; workDir: /scratch4/eande106/Ryan/2025_briggsae_gwas_strainset_sims/bc/93ab77bc1c8d5fbbcaadb0cde19121
May-27 13:18:22.035 [Task submitter] INFO  nextflow.Session - [bc/93ab77] Submitted process > GCTA_PERFORM_GWA (5 2 0.2 gamma inbred pca cb.strain.set.290_literal.harborporpoise_0.05)
May-27 13:18:25.917 [Task monitor] DEBUG n.processor.TaskPollingMonitor - Task completed > TaskHandler[jobId: 3127665; id: 386; name: GCTA_PERFORM_GWA (5 2 0.2 gamma inbred pca cb.strain.set.290_literal.harborporpoise_0.05); status: COMPLETED; exit: 0; error: -; workDir: /scratch4/eande106/Ryan/2025_briggsae_gwas_strainset_sims/bc/93ab77bc1c8d5fbbcaadb0cde19121 started: 1748366305913; exited: 2025-05-27T17:18:24.455582813Z; ]
May-27 13:18:31.325 [Task submitter] DEBUG nextflow.executor.GridTaskHandler - [SLURM] submitted process R_GET_GCTA_INTERVALS (5 2 0.2 gamma inbred pca cb.strain.set.290_literal.harborporpoise_0.05) > jobId: 3127722; workDir: /scratch4/eande106/Ryan/2025_briggsae_gwas_strainset_sims/b6/bdec06fe3248297e718fc738d58003
May-27 13:18:31.325 [Task submitter] INFO  nextflow.Session - [b6/bdec06] Submitted process > R_GET_GCTA_INTERVALS (5 2 0.2 gamma inbred pca cb.strain.set.290_literal.harborporpoise_0.05)
May-27 13:18:39.837 [Task monitor] DEBUG n.processor.TaskPollingMonitor - Task completed > TaskHandler[jobId: 3127722; id: 443; name: R_GET_GCTA_INTERVALS (5 2 0.2 gamma inbred pca cb.strain.set.290_literal.harborporpoise_0.05); status: COMPLETED; exit: 0; error: -; workDir: /scratch4/eande106/Ryan/2025_briggsae_gwas_strainset_sims/b6/bdec06fe3248297e718fc738d58003 started: 1748366315421; exited: 2025-05-27T17:18:37.489288419Z; ]
May-27 13:18:40.947 [Task submitter] DEBUG nextflow.executor.GridTaskHandler - [SLURM] submitted process R_ASSESS_SIMS (5 2 0.2 gamma inbred pca cb.strain.set.290_literal.harborporpoise_0.05) > jobId: 3127785; workDir: /scratch4/eande106/Ryan/2025_briggsae_gwas_strainset_sims/8d/cda5b6ff0e1d9a2b4016bc21599ad6
May-27 13:18:40.947 [Task submitter] INFO  nextflow.Session - [8d/cda5b6] Submitted process > R_ASSESS_SIMS (5 2 0.2 gamma inbred pca cb.strain.set.290_literal.harborporpoise_0.05)
May-27 13:18:46.218 [Task monitor] DEBUG n.processor.TaskPollingMonitor - Task completed > TaskHandler[jobId: 3127785; id: 505; name: R_ASSESS_SIMS (5 2 0.2 gamma inbred pca cb.strain.set.290_literal.harborporpoise_0.05); status: COMPLETED; exit: 1; error: -; workDir: /scratch4/eande106/Ryan/2025_briggsae_gwas_strainset_sims/8d/cda5b6ff0e1d9a2b4016bc21599ad6 started: 1748366326215; exited: 2025-05-27T17:18:45.959994466Z; ]
  task: name=R_ASSESS_SIMS (5 2 0.2 gamma inbred pca cb.strain.set.290_literal.harborporpoise_0.05); work-dir=/scratch4/eande106/Ryan/2025_briggsae_gwas_strainset_sims/8d/cda5b6ff0e1d9a2b4016bc21599ad6
  error [nextflow.exception.ProcessFailedException]: Process `R_ASSESS_SIMS (5 2 0.2 gamma inbred pca cb.strain.set.290_literal.harborporpoise_0.05)` terminated with an error exit status (1)
May-27 13:18:47.719 [TaskFinalizer-1] ERROR nextflow.processor.TaskProcessor - Error executing process > 'R_ASSESS_SIMS (5 2 0.2 gamma inbred pca cb.strain.set.290_literal.harborporpoise_0.05)'
  Process `R_ASSESS_SIMS (5 2 0.2 gamma inbred pca cb.strain.set.290_literal.harborporpoise_0.05)` terminated with an error exit status (1)
May-27 13:18:47.725 [TaskFinalizer-1] DEBUG nextflow.Session - Session aborted -- Cause: Process `R_ASSESS_SIMS (5 2 0.2 gamma inbred pca cb.strain.set.290_literal.harborporpoise_0.05)` terminated with an error exit status (1)
