*******************************************************************
* Genome-wide Complex Trait Analysis (GCTA)
* version v1.94.1 Linux
* Built at Nov 15 2022 21:14:25, by GCC 8.5
* (C) 2010-present, Yang Lab, Westlake University
* Please report bugs to Jian Yang <jian.yang@westlake.edu.cn>
*******************************************************************
Analysis started at 15:39:52 UTC on Wed Apr 08 2026.
Hostname: c1cb63931211

Accepted options:
--grm /work/full_grm
--pheno /data/pheno.txt
--reml
--out /out/reml_full_grm
--thread-num 1

Note: This is a multi-thread program. You could specify the number of threads by the --thread-num option to speed up the computation if there are multiple processors in your machine.

Reading IDs of the GRM from [/work/full_grm.grm.id].
550 IDs are read from [/work/full_grm.grm.id].
Reading the GRM from [/work/full_grm.grm.bin].
GRM for 550 individuals are included from [/work/full_grm.grm.bin].
Reading phenotypes from [/data/pheno.txt].
Non-missing phenotypes of 550 individuals are included from [/data/pheno.txt].

550 individuals are in common in these files.

Performing  REML analysis ... (Note: may take hours depending on sample size).
550 observations, 1 fixed effect(s), and 2 variance component(s)(including residual variance).
Calculating prior values of variance components by EM-REML ...
Updated prior values: 4.07107e-11 5.08269e-11
logL: 6125.2
Running AI-REML algorithm ...
Iter.	logL	V(G)	V(e)	
1	6133.00	0.00000	0.00000	
2	6139.23	0.00000	0.00000	
3	6141.22	0.00000	0.00000	
4	6141.89	0.00000	0.00000	
5	6142.13	0.00000	0.00000	
6	6142.26	0.00000	0.00000	
7	6142.27	0.00000	0.00000	
8	6142.27	0.00000	0.00000	
9	6142.27	0.00000	0.00000	
Log-likelihood ratio converged.

Calculating the logLikelihood for the reduced model ...
(variance component 1 is dropped from the model)
Calculating prior values of variance components by EM-REML ...
Updated prior values: 0.00000
logL: 6091.91722
Running AI-REML algorithm ...
Iter.	logL	V(e)	
1	6091.92	0.00000	
Log-likelihood ratio converged.

Summary result of REML analysis:
Source	Variance	SE
V(G)	0.000000	0.000000
V(e)	0.000000	0.000000
Vp	0.000000	0.000000
V(G)/Vp	0.149095	0.056360

Sampling variance/covariance of the estimates of variance components:
2.041946e-23	-7.951992e-24	
-7.951992e-24	1.979440e-23	

Summary result of REML analysis has been saved in the file [/out/reml_full_grm.hsq].

Analysis finished at 15:39:52 UTC on Wed Apr 08 2026
Overall computational time: 0.36 sec.
