*******************************************************************
* Genome-wide Complex Trait Analysis (GCTA)
* version v1.94.1 Linux
* Built at Nov 15 2022 21:14:25, by GCC 8.5
* (C) 2010-present, Yang Lab, Westlake University
* Please report bugs to Jian Yang <jian.yang@westlake.edu.cn>
*******************************************************************
Analysis started at 15:26:07 EDT on Mon Apr 06 2026.
Hostname: c612

Accepted options:
--grm TO_SIMS_1_43_0.4_0.05_gamma_ct.full_gcta_grm_inbred
--pca 1
--out 1_43_0.4_0.05_gamma_ct.full_pca
--thread-num 1

Note: This is a multi-thread program. You could specify the number of threads by the --thread-num option to speed up the computation if there are multiple processors in your machine.

Reading IDs of the GRM from [TO_SIMS_1_43_0.4_0.05_gamma_ct.full_gcta_grm_inbred.grm.id].
509 IDs are read from [TO_SIMS_1_43_0.4_0.05_gamma_ct.full_gcta_grm_inbred.grm.id].
Reading the GRM from [TO_SIMS_1_43_0.4_0.05_gamma_ct.full_gcta_grm_inbred.grm.bin].
GRM for 509 individuals are included from [TO_SIMS_1_43_0.4_0.05_gamma_ct.full_gcta_grm_inbred.grm.bin].

Performing principal component analysis ...
Eigenvalues of 509 individuals have been saved in [1_43_0.4_0.05_gamma_ct.full_pca.eigenval].
The first 1 eigenvectors of 509 individuals have been saved in [1_43_0.4_0.05_gamma_ct.full_pca.eigenvec].

Analysis finished at 15:26:08 EDT on Mon Apr 06 2026
Overall computational time: 0.74 sec.
